2023-03-22 17:43:17,489 - pyswarms.single.global_best - INFO - Optimize for 200 iters with {'c1': 0.5, 'c2': 0.3, 'w': 0.9}
2023-03-22 17:43:17,561 - pyswarms.single.global_best - INFO - Optimization finished | best cost: 8.604104155076049e-13, best pos: [6.14159257e-07 6.95139427e-07]
2023-03-22 17:46:17,365 - pyswarms.single.global_best - INFO - Optimize for 200 iters with {'c1': 0.5, 'c2': 0.3, 'w': 0.9}
2023-03-22 17:46:17,428 - pyswarms.single.global_best - INFO - Optimization finished | best cost: 1.9752099682054132e-12, best pos: [-7.26774686e-07  1.20291667e-06]
2023-03-22 17:47:21,361 - pyswarms.single.global_best - INFO - Optimize for 200 iters with {'c1': 0.5, 'c2': 0.3, 'w': 0.9}
2023-03-22 17:47:21,422 - pyswarms.single.global_best - INFO - Optimization finished | best cost: 1.2713054664309227e-11, best pos: [ 3.03487310e-07  7.65876949e-07 -3.46906077e-06]
2023-03-22 19:18:46,687 - pyswarms.single.global_best - INFO - Optimize for 50 iters with {'c1': 0.5, 'c2': 0.3, 'w': 0.5}
2023-03-22 19:18:46,718 - pyswarms.single.global_best - INFO - Optimization finished | best cost: 0.1746948363767962, best pos: [0.41587893 0.04170792]
2023-03-22 19:18:49,827 - matplotlib.animation - WARNING - MovieWriter imagemagick unavailable; using Pillow instead.
2023-03-22 19:18:49,827 - matplotlib.animation - INFO - Animation.save using <class 'matplotlib.animation.PillowWriter'>
2023-03-22 19:20:47,403 - pyswarms.single.global_best - INFO - Optimize for 50 iters with {'c1': 0.5, 'c2': 0.3, 'w': 0.5}
2023-03-22 19:20:47,426 - pyswarms.single.global_best - INFO - Optimization finished | best cost: 0.003943779314979369, best pos: [0.0585156  0.02279702]
2023-03-22 19:20:50,198 - matplotlib.animation - WARNING - MovieWriter imagemagick unavailable; using Pillow instead.
2023-03-22 19:20:50,199 - matplotlib.animation - INFO - Animation.save using <class 'matplotlib.animation.PillowWriter'>
2023-03-24 12:43:12,370 - pyswarms.single.global_best - INFO - Optimize for 1000 iters with {'c1': 0.5, 'c2': 0.3, 'w': 0.9}
2023-03-24 12:43:14,435 - pyswarms.single.global_best - INFO - Optimization finished | best cost: 9.385512764402371e-41, best pos: [ 1.21241616e-22 -9.68712693e-21]
2023-03-24 12:44:00,109 - pyswarms.single.global_best - INFO - Optimize for 1000 iters with {'c1': 0.5, 'c2': 0.3, 'w': 0.9}
2023-03-24 12:44:02,501 - pyswarms.single.global_best - INFO - Optimization finished | best cost: 2.0331006257117297, best pos: [1.00042959 1.01599274]
2023-03-24 12:46:19,495 - pyswarms.single.global_best - INFO - Optimize for 1000 iters with {'c1': 0.5, 'c2': 0.3, 'w': 0.9}
2023-03-24 12:46:21,883 - pyswarms.single.global_best - INFO - Optimization finished | best cost: 0.16286357200272727, best pos: [0.04907907 0.02494583 0.10729482 0.29404192 0.20818844 0.13607815]
2023-03-24 13:00:30,569 - pyswarms.single.global_best - INFO - Optimize for 1000 iters with {'c1': 0.5, 'c2': 0.3, 'w': 0.9}
2023-03-24 13:00:32,816 - pyswarms.single.global_best - INFO - Optimization finished | best cost: 0.907752210560829, best pos: [0.06714822 0.92791096 0.05309346 0.16071923 0.99660663 0.83668069]
2023-03-24 13:01:08,341 - pyswarms.single.global_best - INFO - Optimize for 1000 iters with {'c1': 0.5, 'c2': 0.3, 'w': 0.9}
2023-03-24 13:01:10,745 - pyswarms.single.global_best - INFO - Optimization finished | best cost: -2.8068176743912625, best pos: [0.27055164 0.23777057 0.96065372 0.99003347 0.31953687 0.32799248]
2023-03-24 13:04:47,988 - pyswarms.single.global_best - INFO - Optimize for 1000 iters with {'c1': 0.5, 'c2': 0.3, 'w': 0.9}
2023-03-24 13:06:35,810 - pyswarms.single.global_best - INFO - Optimize for 1000 iters with {'c1': 0.5, 'c2': 0.3, 'w': 0.9}
2023-03-24 13:06:37,974 - pyswarms.single.global_best - INFO - Optimization finished | best cost: -2.810350799373245, best pos: [0.35422107 0.35297113 0.99954526 0.97309059 0.54062796 0.3308524 ]
2023-03-24 13:08:01,295 - pyswarms.single.global_best - INFO - Optimize for 1000 iters with {'c1': 0.5, 'c2': 0.3, 'w': 0.9}
2023-03-24 13:08:03,565 - pyswarms.single.global_best - INFO - Optimization finished | best cost: -2.8154252636290544, best pos: [0.21018768 0.17554543 0.96733948 0.99243158 0.21215462 0.26568929]
